<?xml version="1.0" encoding="UTF-8"?>
<testng-results skipped="0" failed="0" ignored="0" total="1" passed="1">
  <reporter-output>
  </reporter-output>
  <suite name="Default suite" duration-ms="9564" started-at="2019-07-25T14:36:48Z" finished-at="2019-07-25T14:36:57Z">
    <groups>
    </groups>
    <test name="Default test" duration-ms="9564" started-at="2019-07-25T14:36:48Z" finished-at="2019-07-25T14:36:57Z">
      <class name="com.example.qa.Log4jExample">
        <test-method status="PASS" signature="openBrowser()[pri:0, instance:com.example.qa.Log4jExample@369f73a2]" name="openBrowser" duration-ms="9542" started-at="2019-07-25T14:36:48Z" finished-at="2019-07-25T14:36:57Z">
          <reporter-output>
          </reporter-output>
        </test-method> <!-- openBrowser -->
      </class> <!-- com.example.qa.Log4jExample -->
    </test> <!-- Default test -->
  </suite> <!-- Default suite -->
</testng-results>
