<?xml version="1.0" encoding="UTF-8"?>
<!-- Generated by org.testng.reporters.JUnitXMLReporter -->
<testsuite hostname="DESKTOP-UQS6Q4I" ignored="2" name="Test" tests="7" failures="0" timestamp="28 Jun 2019 14:14:35 GMT" time="17.819" errors="0">
  <testcase name="validateSearchbox7" time="2.807" classname="com.example.qa.WebdriverManagerExample"/>
  <testcase name="a_validateSearchbox4" time="1.883" classname="com.example.qa.ExtentReportExample"/>
  <testcase name="b_validateSearchbox1" time="1.384" classname="com.example.qa.ExtentReportExample"/>
  <testcase name="b_validateSearchbox6" time="1.426" classname="com.example.qa.ExtentReportExample"/>
  <testcase name="bc_validateSearchbox3" time="1.553" classname="com.example.qa.ExtentReportExample"/>
  <testcase name="ab_validateSearchbox5" time="1.475" classname="com.example.qa.ExtentReportExample"/>
  <testcase name="c_validateSearchbox2" time="1.996" classname="com.example.qa.ExtentReportExample"/>
  <testcase name="@BeforeTest openBrowser" time="0.0" classname="com.util.qa.Utilities">
    <ignored/>
  </testcase> <!-- @BeforeTest openBrowser -->
  <testcase name="@BeforeSuite setup" time="0.0" classname="com.util.qa.Utilities">
    <ignored/>
  </testcase> <!-- @BeforeSuite setup -->
</testsuite> <!-- Test -->
